<?xml version="1.0" encoding="UTF-8"?>
<!-- Generated by org.testng.reporters.JUnitReportReporter -->
<testsuite skipped="0" hostname="madhurim-w10lt" name="com.testCases.validateAccessingProductViaSearch" tests="1" failures="0" timestamp="20 Oct 2022 09:45:04 GMT" time="0.306" errors="0">
  <testcase name="validateAccessingProductViaSearchBar" time="0.306" classname="com.testCases.validateAccessingProductViaSearch"/>
</testsuite> <!-- com.testCases.validateAccessingProductViaSearch -->
