<?xml version="1.0" encoding="UTF-8"?>
<!-- Generated by org.testng.reporters.JUnitReportReporter -->
<testsuite skipped="0" hostname="DESKTOP-FOEBT82" name="com.maps.qa.testcases.LoginTest" tests="6" failures="0" timestamp="27 Nov 2019 18:56:10 GMT" time="29.531" errors="0">
  <testcase name="setUP" time="17.427" classname="com.maps.qa.testcases.LoginTest"/>
  <testcase name="logoTest" time="0.127" classname="com.maps.qa.testcases.LoginTest"/>
  <testcase name="gotToCRMLoginPage" time="10.676" classname="com.maps.qa.testcases.LoginTest"/>
  <testcase name="ValidateLoginPage" time="0.010" classname="com.maps.qa.testcases.LoginTest"/>
  <testcase name="logintoCRM" time="0.423" classname="com.maps.qa.testcases.LoginTest"/>
  <testcase name="tearDown" time="0.868" classname="com.maps.qa.testcases.LoginTest"/>
</testsuite> <!-- com.maps.qa.testcases.LoginTest -->
