<?xml version="1.0" encoding="UTF-8"?>
<!-- Generated by org.testng.reporters.JUnitReportReporter -->
<testsuite skipped="0" hostname="madhurim-w10lt" name="com.testCases.TC01_ValidateForeignPlayers" tests="1" failures="0" timestamp="30 Jun 2023 19:01:27 GMT" time="0.182" errors="0">
  <testcase name="validateOnlyFourForeignPlayersAreInTeam" time="0.182" classname="com.testCases.TC01_ValidateForeignPlayers"/>
</testsuite> <!-- com.testCases.TC01_ValidateForeignPlayers -->
