<?xml version="1.0" encoding="UTF-8"?>
<!-- Generated by org.testng.reporters.JUnitReportReporter -->
<testsuite skipped="0" hostname="madhurim-w10lt" name="com.testCases.validateAccessingProductViaCategory" tests="1" failures="0" timestamp="18 Oct 2022 10:19:00 GMT" time="35.350" errors="0">
  <testcase name="validateAccessProductAfterApplyingFilter" time="35.350" classname="com.testCases.validateAccessingProductViaCategory"/>
</testsuite> <!-- com.testCases.validateAccessingProductViaCategory -->
