<?xml version="1.0" encoding="UTF-8"?>
<!-- Generated by org.testng.reporters.JUnitReportReporter -->
<testsuite skipped="0" hostname="madhurim-w10lt" name="com.testCases.TC02_ValidateWicketKeeper" tests="1" failures="0" timestamp="30 Jun 2023 19:01:27 GMT" time="0.024" errors="0">
  <testcase name="validateThereIsAtleastOneWicketKeeperInTeam" time="0.024" classname="com.testCases.TC02_ValidateWicketKeeper"/>
</testsuite> <!-- com.testCases.TC02_ValidateWicketKeeper -->
