<?xml version="1.0" encoding="UTF-8"?>
<!-- Generated by org.testng.reporters.JUnitReportReporter -->
<testsuite skipped="0" hostname="DESKTOP-FOEBT82" name="com.maps.qa.testcases.HomePageTest" tests="2" failures="0" timestamp="28 Nov 2019 09:28:15 GMT" time="43.279" errors="0">
  <testcase name="validateUserLable" time="21.800" classname="com.maps.qa.testcases.HomePageTest"/>
  <testcase name="validateList" time="21.479" classname="com.maps.qa.testcases.HomePageTest"/>
</testsuite> <!-- com.maps.qa.testcases.HomePageTest -->
